<?xml version="1.0" encoding="UTF-8"?>
<!-- Generated by org.testng.reporters.JUnitXMLReporter -->
<testsuite ignored="0" hostname="DESKTOP-A5BU2M4" failures="0" tests="3" name="Default test" time="15.254" errors="0" timestamp="31 Jan 2024 10:08:28 GMT">
  <testcase classname="com.maven1.SeliniumProj" name="tc_1" time="7.818"/>
  <testcase classname="com.maven1.SeliniumProj" name="tc_2" time="4.282"/>
  <testcase classname="com.maven1.SeliniumProj" name="tc_3" time="3.112"/>
</testsuite> <!-- Default test -->
