<?xml version="1.0" encoding="UTF-8"?>
<testng-results ignored="0" total="3" passed="3" failed="0" skipped="0">
  <reporter-output>
  </reporter-output>
  <suite started-at="2024-01-31T10:08:12Z" name="Default suite" finished-at="2024-01-31T10:08:28Z" duration-ms="15254">
    <groups>
    </groups>
    <test started-at="2024-01-31T10:08:12Z" name="Default test" finished-at="2024-01-31T10:08:28Z" duration-ms="15254">
      <class name="com.maven1.SeliniumProj">
        <test-method signature="tc_1()[pri:0, instance:com.maven1.SeliniumProj@be68757]" started-at="2024-01-31T10:08:12Z" name="tc_1" finished-at="2024-01-31T10:08:20Z" duration-ms="7818" status="PASS">
          <reporter-output>
          </reporter-output>
        </test-method> <!-- tc_1 -->
        <test-method signature="tc_2()[pri:0, instance:com.maven1.SeliniumProj@be68757]" started-at="2024-01-31T10:08:20Z" name="tc_2" finished-at="2024-01-31T10:08:25Z" duration-ms="4282" status="PASS">
          <reporter-output>
          </reporter-output>
        </test-method> <!-- tc_2 -->
        <test-method signature="tc_3()[pri:0, instance:com.maven1.SeliniumProj@be68757]" started-at="2024-01-31T10:08:25Z" name="tc_3" finished-at="2024-01-31T10:08:28Z" duration-ms="3112" status="PASS">
          <reporter-output>
          </reporter-output>
        </test-method> <!-- tc_3 -->
      </class> <!-- com.maven1.SeliniumProj -->
    </test> <!-- Default test -->
  </suite> <!-- Default suite -->
</testng-results>
